ResideMenu/build/outputs/logs/manifest-merger-debug-report.txt
-- Merging decision tree log ---
manifest
ADDED from src\main\AndroidManifest.xml:2:1-7:12
INJECTED from src\main\AndroidManifest.xml:2:1-7:12
INJECTED from src\main\AndroidManifest.xml:2:1-7:12
INJECTED from src\main\AndroidManifest.xml:2:1-7:12
INJECTED from src\main\AndroidManifest.xml:2:1-7:12
INJECTED from src\main\AndroidManifest.xml:2:1-7:12
INJECTED from src\main\AndroidManifest.xml:2:1-7:12
	package
		ADDED from src\main\AndroidManifest.xml:3:11-43
		INJECTED from src\main\AndroidManifest.xml
		INJECTED from src\main\AndroidManifest.xml
	android:versionName
		ADDED from src\main\AndroidManifest.xml:5:11-36
		INJECTED from src\main\AndroidManifest.xml
		INJECTED from src\main\AndroidManifest.xml
	xmlns:android
		ADDED from src\main\AndroidManifest.xml:2:11-69
	android:versionCode
		ADDED from src\main\AndroidManifest.xml:4:11-34
		INJECTED from src\main\AndroidManifest.xml
		INJECTED from src\main\AndroidManifest.xml
uses-sdk
ADDED from src\main\AndroidManifest.xml:6:5-42
INJECTED from src\main\AndroidManifest.xml:6:5-42
INJECTED from src\main\AndroidManifest.xml:6:5-42
INJECTED from src\main\AndroidManifest.xml:6:5-42
INJECTED from src\main\AndroidManifest.xml:6:5-42
	android:targetSdkVersion
		INJECTED from src\main\AndroidManifest.xml
		ADDED from src\main\AndroidManifest.xml:6:5-42
		INJECTED from src\main\AndroidManifest.xml
	android:minSdkVersion
		ADDED from src\main\AndroidManifest.xml:6:15-40
		INJECTED from src\main\AndroidManifest.xml
		INJECTED from src\main\AndroidManifest.xml